{"/codebuild/output/src969830610/src/source/aws-bootstrap-kit/lib/account-provider.ts": {"path":"/codebuild/output/src969830610/src/source/aws-bootstrap-kit/lib/account-provider.ts","statementMap":{"0":{"start":{"line":17,"column":0},"end":{"line":17,"column":29}},"1":{"start":{"line":18,"column":0},"end":{"line":18,"column":40}},"2":{"start":{"line":19,"column":0},"end":{"line":19,"column":46}},"3":{"start":{"line":20,"column":0},"end":{"line":20,"column":72}},"4":{"start":{"line":21,"column":0},"end":{"line":21,"column":48}},"5":{"start":{"line":53,"column":4},"end":{"line":53,"column":21}},"6":{"start":{"line":55,"column":17},"end":{"line":55,"column":79}},"7":{"start":{"line":58,"column":4},"end":{"line":63,"column":7}},"8":{"start":{"line":65,"column":4},"end":{"line":73,"column":8}},"9":{"start":{"line":76,"column":4},"end":{"line":81,"column":7}},"10":{"start":{"line":83,"column":4},"end":{"line":92,"column":8}},"11":{"start":{"line":94,"column":4},"end":{"line":98,"column":7}},"12":{"start":{"line":32,"column":18},"end":{"line":32,"column":33}},"13":{"start":{"line":33,"column":16},"end":{"line":33,"column":60}},"14":{"start":{"line":34,"column":4},"end":{"line":34,"column":94}},"15":{"start":{"line":27,"column":0},"end":{"line":27,"column":13}}},"fnMap":{"0":{"name":"(anonymous_0)","decl":{"start":{"line":52,"column":2},"end":{"line":52,"column":22}},"loc":{"start":{"line":52,"column":50},"end":{"line":99,"column":3}}},"1":{"name":"(anonymous_1)","decl":{"start":{"line":31,"column":9},"end":{"line":31,"column":15}},"loc":{"start":{"line":31,"column":44},"end":{"line":35,"column":3}}}},"branchMap":{"0":{"loc":{"start":{"line":34,"column":11},"end":{"line":34,"column":58}},"type":"binary-expr","locations":[{"start":{"line":34,"column":11},"end":{"line":34,"column":58}},{"start":{"line":34,"column":62},"end":{"line":34,"column":93}}]}},"s":{"0":3,"1":3,"2":3,"3":3,"4":3,"5":7,"6":7,"7":7,"8":7,"9":7,"10":7,"11":7,"12":19,"13":19,"14":19,"15":3},"f":{"0":7,"1":19},"b":{"0":[19,7]}}
,"/codebuild/output/src969830610/src/source/aws-bootstrap-kit/lib/account.ts": {"path":"/codebuild/output/src969830610/src/source/aws-bootstrap-kit/lib/account.ts","statementMap":{"0":{"start":{"line":17,"column":0},"end":{"line":17,"column":38}},"1":{"start":{"line":18,"column":0},"end":{"line":18,"column":53}},"2":{"start":{"line":19,"column":0},"end":{"line":19,"column":48}},"3":{"start":{"line":20,"column":0},"end":{"line":20,"column":40}},"4":{"start":{"line":65,"column":0},"end":{"line":65,"column":null}},"5":{"start":{"line":66,"column":2},"end":{"line":66,"column":null}},"6":{"start":{"line":67,"column":2},"end":{"line":67,"column":null}},"7":{"start":{"line":68,"column":2},"end":{"line":68,"column":null}},"8":{"start":{"line":69,"column":2},"end":{"line":69,"column":null}},"9":{"start":{"line":88,"column":4},"end":{"line":88,"column":21}},"10":{"start":{"line":90,"column":28},"end":{"line":90,"column":61}},"11":{"start":{"line":92,"column":18},"end":{"line":106,"column":null}},"12":{"start":{"line":109,"column":20},"end":{"line":109,"column":58}},"13":{"start":{"line":111,"column":4},"end":{"line":111,"column":32}},"14":{"start":{"line":112,"column":4},"end":{"line":112,"column":41}},"15":{"start":{"line":113,"column":4},"end":{"line":113,"column":31}},"16":{"start":{"line":114,"column":4},"end":{"line":114,"column":51}},"17":{"start":{"line":116,"column":4},"end":{"line":120,"column":7}},"18":{"start":{"line":122,"column":4},"end":{"line":191,"column":null}},"19":{"start":{"line":123,"column":19},"end":{"line":160,"column":8}},"20":{"start":{"line":162,"column":6},"end":{"line":181,"column":8}},"21":{"start":{"line":184,"column":6},"end":{"line":189,"column":null}},"22":{"start":{"line":185,"column":8},"end":{"line":185,"column":78}},"23":{"start":{"line":188,"column":8},"end":{"line":188,"column":99}},"24":{"start":{"line":195,"column":4},"end":{"line":225,"column":6}},"25":{"start":{"line":75,"column":0},"end":{"line":75,"column":13}}},"fnMap":{"0":{"name":"(anonymous_0)","decl":{"start":{"line":65,"column":0},"end":{"line":65,"column":12}},"loc":{"start":{"line":65,"column":23},"end":{"line":70,"column":1}}},"1":{"name":"(anonymous_1)","decl":{"start":{"line":87,"column":2},"end":{"line":87,"column":14}},"loc":{"start":{"line":87,"column":76},"end":{"line":192,"column":3}}},"2":{"name":"(anonymous_2)","decl":{"start":{"line":194,"column":2},"end":{"line":194,"column":34}},"loc":{"start":{"line":194,"column":78},"end":{"line":226,"column":3}}}},"branchMap":{"0":{"loc":{"start":{"line":65,"column":12},"end":{"line":65,"column":23}},"type":"binary-expr","locations":[{"start":{"line":65,"column":12},"end":{"line":65,"column":23}},{"start":{"line":65,"column":12},"end":{"line":65,"column":null}}]},"1":{"loc":{"start":{"line":103,"column":45},"end":{"line":103,"column":47}},"type":"cond-expr","locations":[{"start":{"line":103,"column":45},"end":{"line":103,"column":47}},{"start":{"line":103,"column":45},"end":{"line":103,"column":57}}]},"2":{"loc":{"start":{"line":103,"column":22},"end":{"line":103,"column":47}},"type":"binary-expr","locations":[{"start":{"line":103,"column":22},"end":{"line":103,"column":47}},{"start":{"line":103,"column":45},"end":{"line":103,"column":47}}]},"3":{"loc":{"start":{"line":104,"column":54},"end":{"line":104,"column":91}},"type":"cond-expr","locations":[{"start":{"line":104,"column":54},"end":{"line":104,"column":91}},{"start":{"line":104,"column":92},"end":{"line":104,"column":101}}]},"4":{"loc":{"start":{"line":122,"column":4},"end":{"line":191,"column":null}},"type":"if","locations":[{"start":{"line":122,"column":4},"end":{"line":191,"column":null}},{"start":{"line":122,"column":4},"end":{"line":191,"column":null}}]},"5":{"loc":{"start":{"line":184,"column":6},"end":{"line":189,"column":null}},"type":"if","locations":[{"start":{"line":184,"column":6},"end":{"line":189,"column":null}},{"start":{"line":184,"column":6},"end":{"line":189,"column":null}}]}},"s":{"0":3,"1":3,"2":3,"3":3,"4":3,"5":3,"6":3,"7":3,"8":3,"9":19,"10":19,"11":19,"12":19,"13":19,"14":19,"15":19,"16":19,"17":19,"18":19,"19":19,"20":19,"21":19,"22":0,"23":19,"24":19,"25":3},"f":{"0":3,"1":19,"2":19},"b":{"0":[3,3],"1":[17,2],"2":[19,19],"3":[3,16],"4":[19,0],"5":[0,19]}}
,"/codebuild/output/src969830610/src/source/aws-bootstrap-kit/lib/aws-config-recorder.ts": {"path":"/codebuild/output/src969830610/src/source/aws-bootstrap-kit/lib/aws-config-recorder.ts","statementMap":{"0":{"start":{"line":17,"column":0},"end":{"line":17,"column":37}},"1":{"start":{"line":18,"column":0},"end":{"line":18,"column":40}},"2":{"start":{"line":19,"column":0},"end":{"line":19,"column":38}},"3":{"start":{"line":20,"column":0},"end":{"line":20,"column":43}},"4":{"start":{"line":27,"column":4},"end":{"line":27,"column":21}},"5":{"start":{"line":30,"column":25},"end":{"line":30,"column":113}},"6":{"start":{"line":32,"column":4},"end":{"line":44,"column":6}},"7":{"start":{"line":47,"column":4},"end":{"line":54,"column":6}},"8":{"start":{"line":57,"column":4},"end":{"line":69,"column":6}},"9":{"start":{"line":71,"column":4},"end":{"line":74,"column":7}},"10":{"start":{"line":78,"column":23},"end":{"line":81,"column":6}},"11":{"start":{"line":83,"column":4},"end":{"line":91,"column":7}},"12":{"start":{"line":24,"column":0},"end":{"line":24,"column":13}}},"fnMap":{"0":{"name":"(anonymous_0)","decl":{"start":{"line":26,"column":1},"end":{"line":26,"column":13}},"loc":{"start":{"line":26,"column":45},"end":{"line":92,"column":3}}}},"branchMap":{},"s":{"0":3,"1":3,"2":3,"3":3,"4":7,"5":7,"6":7,"7":7,"8":7,"9":7,"10":7,"11":7,"12":3},"f":{"0":7},"b":{}}
,"/codebuild/output/src969830610/src/source/aws-bootstrap-kit/lib/aws-organizations-stack.ts": {"path":"/codebuild/output/src969830610/src/source/aws-bootstrap-kit/lib/aws-organizations-stack.ts","statementMap":{"0":{"start":{"line":17,"column":0},"end":{"line":17,"column":37}},"1":{"start":{"line":18,"column":0},"end":{"line":18,"column":44}},"2":{"start":{"line":19,"column":0},"end":{"line":19,"column":57}},"3":{"start":{"line":20,"column":0},"end":{"line":20,"column":47}},"4":{"start":{"line":21,"column":0},"end":{"line":21,"column":50}},"5":{"start":{"line":22,"column":0},"end":{"line":22,"column":55}},"6":{"start":{"line":23,"column":0},"end":{"line":23,"column":40}},"7":{"start":{"line":24,"column":0},"end":{"line":24,"column":32}},"8":{"start":{"line":25,"column":0},"end":{"line":25,"column":49}},"9":{"start":{"line":170,"column":4},"end":{"line":170,"column":121}},"10":{"start":{"line":118,"column":19},"end":{"line":118,"column":49}},"11":{"start":{"line":171,"column":61},"end":{"line":171,"column":66}},"12":{"start":{"line":173,"column":4},"end":{"line":197,"column":null}},"13":{"start":{"line":175,"column":16},"end":{"line":175,"column":54}},"14":{"start":{"line":176,"column":6},"end":{"line":185,"column":null}},"15":{"start":{"line":178,"column":8},"end":{"line":178,"column":50}},"16":{"start":{"line":179,"column":8},"end":{"line":179,"column":45}},"17":{"start":{"line":181,"column":8},"end":{"line":184,"column":null}},"18":{"start":{"line":182,"column":32},"end":{"line":182,"column":85}},"19":{"start":{"line":183,"column":10},"end":{"line":183,"column":48}},"20":{"start":{"line":187,"column":21},"end":{"line":187,"column":95}},"21":{"start":{"line":188,"column":6},"end":{"line":188,"column":39}},"22":{"start":{"line":190,"column":57},"end":{"line":190,"column":65}},"23":{"start":{"line":192,"column":6},"end":{"line":194,"column":9}},"24":{"start":{"line":193,"column":8},"end":{"line":193,"column":117}},"25":{"start":{"line":199,"column":4},"end":{"line":205,"column":null}},"26":{"start":{"line":200,"column":6},"end":{"line":204,"column":9}},"27":{"start":{"line":207,"column":4},"end":{"line":207,"column":54}},"28":{"start":{"line":122,"column":29},"end":{"line":122,"column":119}},"29":{"start":{"line":124,"column":4},"end":{"line":124,"column":71}},"30":{"start":{"line":126,"column":4},"end":{"line":126,"column":53}},"31":{"start":{"line":128,"column":4},"end":{"line":160,"column":7}},"32":{"start":{"line":130,"column":6},"end":{"line":141,"column":null}},"33":{"start":{"line":132,"column":8},"end":{"line":132,"column":41}},"34":{"start":{"line":134,"column":11},"end":{"line":141,"column":null}},"35":{"start":{"line":136,"column":8},"end":{"line":136,"column":null}},"36":{"start":{"line":140,"column":8},"end":{"line":140,"column":null}},"37":{"start":{"line":143,"column":20},"end":{"line":151,"column":8}},"38":{"start":{"line":153,"column":6},"end":{"line":153,"column":62}},"39":{"start":{"line":154,"column":6},"end":{"line":154,"column":44}},"40":{"start":{"line":157,"column":6},"end":{"line":159,"column":null}},"41":{"start":{"line":158,"column":8},"end":{"line":158,"column":41}},"42":{"start":{"line":162,"column":4},"end":{"line":164,"column":7}},"43":{"start":{"line":163,"column":6},"end":{"line":163,"column":126}},"44":{"start":{"line":166,"column":4},"end":{"line":166,"column":39}},"45":{"start":{"line":114,"column":0},"end":{"line":114,"column":13}}},"fnMap":{"0":{"name":"(anonymous_0)","decl":{"start":{"line":169,"column":2},"end":{"line":169,"column":14}},"loc":{"start":{"line":169,"column":81},"end":{"line":208,"column":3}}},"1":{"name":"(anonymous_1)","decl":{"start":{"line":192,"column":23},"end":{"line":192,"column":31}},"loc":{"start":{"line":192,"column":34},"end":{"line":194,"column":7}}},"2":{"name":"(anonymous_2)","decl":{"start":{"line":120,"column":10},"end":{"line":120,"column":32}},"loc":{"start":{"line":120,"column":111},"end":{"line":167,"column":3}}},"3":{"name":"(anonymous_3)","decl":{"start":{"line":128,"column":28},"end":{"line":128,"column":39}},"loc":{"start":{"line":128,"column":42},"end":{"line":160,"column":5}}},"4":{"name":"(anonymous_4)","decl":{"start":{"line":162,"column":29},"end":{"line":162,"column":37}},"loc":{"start":{"line":162,"column":40},"end":{"line":164,"column":5}}}},"branchMap":{"0":{"loc":{"start":{"line":171,"column":53},"end":{"line":171,"column":57}},"type":"default-arg","locations":[{"start":{"line":171,"column":53},"end":{"line":171,"column":57}}]},"1":{"loc":{"start":{"line":173,"column":4},"end":{"line":197,"column":null}},"type":"if","locations":[{"start":{"line":173,"column":4},"end":{"line":197,"column":null}},{"start":{"line":173,"column":4},"end":{"line":197,"column":null}}]},"2":{"loc":{"start":{"line":176,"column":6},"end":{"line":185,"column":null}},"type":"if","locations":[{"start":{"line":176,"column":6},"end":{"line":185,"column":null}},{"start":{"line":176,"column":6},"end":{"line":185,"column":null}}]},"3":{"loc":{"start":{"line":181,"column":8},"end":{"line":184,"column":null}},"type":"if","locations":[{"start":{"line":181,"column":8},"end":{"line":184,"column":null}},{"start":{"line":181,"column":8},"end":{"line":184,"column":null}}]},"4":{"loc":{"start":{"line":199,"column":4},"end":{"line":205,"column":null}},"type":"if","locations":[{"start":{"line":199,"column":4},"end":{"line":205,"column":null}},{"start":{"line":199,"column":4},"end":{"line":205,"column":null}}]},"5":{"loc":{"start":{"line":203,"column":67},"end":{"line":203,"column":98}},"type":"cond-expr","locations":[{"start":{"line":203,"column":67},"end":{"line":203,"column":98}},{"start":{"line":203,"column":99},"end":{"line":203,"column":103}}]},"6":{"loc":{"start":{"line":130,"column":6},"end":{"line":141,"column":null}},"type":"if","locations":[{"start":{"line":130,"column":6},"end":{"line":141,"column":null}},{"start":{"line":130,"column":6},"end":{"line":141,"column":null}}]},"7":{"loc":{"start":{"line":134,"column":11},"end":{"line":141,"column":null}},"type":"if","locations":[{"start":{"line":134,"column":11},"end":{"line":141,"column":null}},{"start":{"line":134,"column":11},"end":{"line":141,"column":null}}]},"8":{"loc":{"start":{"line":134,"column":14},"end":{"line":134,"column":30}},"type":"binary-expr","locations":[{"start":{"line":134,"column":14},"end":{"line":134,"column":30}},{"start":{"line":134,"column":34},"end":{"line":134,"column":45}}]},"9":{"loc":{"start":{"line":157,"column":6},"end":{"line":159,"column":null}},"type":"if","locations":[{"start":{"line":157,"column":6},"end":{"line":159,"column":null}},{"start":{"line":157,"column":6},"end":{"line":159,"column":null}}]},"10":{"loc":{"start":{"line":162,"column":19},"end":{"line":162,"column":21}},"type":"cond-expr","locations":[{"start":{"line":162,"column":19},"end":{"line":162,"column":21}},{"start":{"line":162,"column":19},"end":{"line":164,"column":6}}]},"11":{"loc":{"start":{"line":162,"column":4},"end":{"line":162,"column":21}},"type":"binary-expr","locations":[{"start":{"line":162,"column":4},"end":{"line":162,"column":21}},{"start":{"line":162,"column":19},"end":{"line":162,"column":21}}]}},"s":{"0":2,"1":2,"2":2,"3":2,"4":2,"5":2,"6":2,"7":2,"8":2,"9":6,"10":6,"11":6,"12":6,"13":6,"14":6,"15":6,"16":6,"17":6,"18":5,"19":5,"20":6,"21":6,"22":6,"23":6,"24":12,"25":6,"26":1,"27":6,"28":12,"29":12,"30":12,"31":12,"32":18,"33":0,"34":18,"35":18,"36":0,"37":18,"38":18,"39":18,"40":18,"41":18,"42":12,"43":0,"44":12,"45":2},"f":{"0":6,"1":12,"2":12,"3":18,"4":0},"b":{"0":[4],"1":[6,0],"2":[6,0],"3":[5,1],"4":[1,5],"5":[0,1],"6":[0,18],"7":[18,0],"8":[18,18],"9":[18,0],"10":[12,0],"11":[12,12]}}
,"/codebuild/output/src969830610/src/source/aws-bootstrap-kit/lib/dns.ts": {"path":"/codebuild/output/src969830610/src/source/aws-bootstrap-kit/lib/dns.ts","statementMap":{"0":{"start":{"line":1,"column":0},"end":{"line":1,"column":37}},"1":{"start":{"line":2,"column":0},"end":{"line":2,"column":40}},"2":{"start":{"line":3,"column":0},"end":{"line":3,"column":48}},"3":{"start":{"line":4,"column":0},"end":{"line":4,"column":52}},"4":{"start":{"line":6,"column":0},"end":{"line":6,"column":63}},"5":{"start":{"line":34,"column":4},"end":{"line":34,"column":21}},"6":{"start":{"line":35,"column":4},"end":{"line":35,"column":59}},"7":{"start":{"line":37,"column":4},"end":{"line":56,"column":null}},"8":{"start":{"line":38,"column":22},"end":{"line":38,"column":56}},"9":{"start":{"line":39,"column":27},"end":{"line":41,"column":null}},"10":{"start":{"line":43,"column":6},"end":{"line":43,"column":58}},"11":{"start":{"line":44,"column":6},"end":{"line":55,"column":null}},"12":{"start":{"line":45,"column":8},"end":{"line":54,"column":10}},"13":{"start":{"line":58,"column":4},"end":{"line":68,"column":null}},"14":{"start":{"line":62,"column":6},"end":{"line":64,"column":9}},"15":{"start":{"line":66,"column":6},"end":{"line":66,"column":69}},"16":{"start":{"line":75,"column":28},"end":{"line":75,"column":99}},"17":{"start":{"line":76,"column":4},"end":{"line":78,"column":7}},"18":{"start":{"line":85,"column":30},"end":{"line":88,"column":6}},"19":{"start":{"line":90,"column":4},"end":{"line":99,"column":6}},"20":{"start":{"line":100,"column":4},"end":{"line":107,"column":6}},"21":{"start":{"line":108,"column":4},"end":{"line":108,"column":29}},"22":{"start":{"line":112,"column":4},"end":{"line":114,"column":7}},"23":{"start":{"line":30,"column":0},"end":{"line":30,"column":13}}},"fnMap":{"0":{"name":"(anonymous_0)","decl":{"start":{"line":33,"column":2},"end":{"line":33,"column":14}},"loc":{"start":{"line":33,"column":67},"end":{"line":69,"column":3}}},"1":{"name":"(anonymous_1)","decl":{"start":{"line":71,"column":2},"end":{"line":71,"column":20}},"loc":{"start":{"line":73,"column":33},"end":{"line":79,"column":3}}},"2":{"name":"(anonymous_2)","decl":{"start":{"line":81,"column":2},"end":{"line":81,"column":25}},"loc":{"start":{"line":83,"column":36},"end":{"line":109,"column":3}}},"3":{"name":"(anonymous_3)","decl":{"start":{"line":111,"column":2},"end":{"line":111,"column":22}},"loc":{"start":{"line":111,"column":42},"end":{"line":115,"column":3}}}},"branchMap":{"0":{"loc":{"start":{"line":44,"column":6},"end":{"line":55,"column":null}},"type":"if","locations":[{"start":{"line":44,"column":6},"end":{"line":55,"column":null}},{"start":{"line":44,"column":6},"end":{"line":55,"column":null}}]},"1":{"loc":{"start":{"line":50,"column":82},"end":{"line":50,"column":116}},"type":"cond-expr","locations":[{"start":{"line":50,"column":82},"end":{"line":50,"column":116}},{"start":{"line":50,"column":117},"end":{"line":50,"column":119}}]},"2":{"loc":{"start":{"line":58,"column":4},"end":{"line":68,"column":null}},"type":"if","locations":[{"start":{"line":58,"column":4},"end":{"line":68,"column":null}},{"start":{"line":58,"column":4},"end":{"line":68,"column":null}}]},"3":{"loc":{"start":{"line":59,"column":6},"end":{"line":59,"column":37}},"type":"binary-expr","locations":[{"start":{"line":59,"column":6},"end":{"line":59,"column":37}},{"start":{"line":60,"column":6},"end":{"line":60,"column":47}}]}},"s":{"0":2,"1":2,"2":2,"3":2,"4":2,"5":1,"6":1,"7":1,"8":3,"9":3,"10":3,"11":3,"12":3,"13":1,"14":1,"15":0,"16":3,"17":3,"18":3,"19":3,"20":3,"21":3,"22":1,"23":2},"f":{"0":1,"1":3,"2":3,"3":1},"b":{"0":[3,0],"1":[3,0],"2":[1,0],"3":[1,1]}}
,"/codebuild/output/src969830610/src/source/aws-bootstrap-kit/lib/index.ts": {"path":"/codebuild/output/src969830610/src/source/aws-bootstrap-kit/lib/index.ts","statementMap":{"0":{"start":{"line":1,"column":0},"end":{"line":1,"column":42}},"1":{"start":{"line":2,"column":0},"end":{"line":2,"column":22}},"2":{"start":{"line":3,"column":0},"end":{"line":3,"column":26}},"3":{"start":{"line":4,"column":0},"end":{"line":4,"column":50}},"4":{"start":{"line":5,"column":0},"end":{"line":5,"column":33}},"5":{"start":{"line":6,"column":0},"end":{"line":6,"column":35}}},"fnMap":{},"branchMap":{},"s":{"0":2,"1":2,"2":2,"3":2,"4":2,"5":2},"f":{},"b":{}}
,"/codebuild/output/src969830610/src/source/aws-bootstrap-kit/lib/organization-trail.ts": {"path":"/codebuild/output/src969830610/src/source/aws-bootstrap-kit/lib/organization-trail.ts","statementMap":{"0":{"start":{"line":17,"column":0},"end":{"line":17,"column":38}},"1":{"start":{"line":18,"column":0},"end":{"line":18,"column":107}},"2":{"start":{"line":19,"column":0},"end":{"line":19,"column":60}},"3":{"start":{"line":20,"column":0},"end":{"line":20,"column":77}},"4":{"start":{"line":43,"column":8},"end":{"line":43,"column":25}},"5":{"start":{"line":45,"column":31},"end":{"line":45,"column":124}},"6":{"start":{"line":47,"column":8},"end":{"line":52,"column":12}},"7":{"start":{"line":54,"column":8},"end":{"line":65,"column":12}},"8":{"start":{"line":67,"column":8},"end":{"line":78,"column":12}},"9":{"start":{"line":80,"column":39},"end":{"line":108,"column":null}},"10":{"start":{"line":111,"column":38},"end":{"line":141,"column":null}},"11":{"start":{"line":143,"column":8},"end":{"line":143,"column":75}},"12":{"start":{"line":145,"column":8},"end":{"line":148,"column":null}},"13":{"start":{"line":147,"column":12},"end":{"line":147,"column":78}},"14":{"start":{"line":150,"column":8},"end":{"line":164,"column":11}},"15":{"start":{"line":166,"column":8},"end":{"line":194,"column":10}},"16":{"start":{"line":40,"column":0},"end":{"line":40,"column":13}}},"fnMap":{"0":{"name":"(anonymous_0)","decl":{"start":{"line":42,"column":4},"end":{"line":42,"column":16}},"loc":{"start":{"line":42,"column":81},"end":{"line":195,"column":5}}}},"branchMap":{"0":{"loc":{"start":{"line":145,"column":8},"end":{"line":148,"column":null}},"type":"if","locations":[{"start":{"line":145,"column":8},"end":{"line":148,"column":null}},{"start":{"line":145,"column":8},"end":{"line":148,"column":null}}]}},"s":{"0":3,"1":3,"2":3,"3":3,"4":7,"5":7,"6":7,"7":7,"8":7,"9":7,"10":7,"11":7,"12":7,"13":7,"14":7,"15":7,"16":3},"f":{"0":7},"b":{"0":[7,0]}}
,"/codebuild/output/src969830610/src/source/aws-bootstrap-kit/lib/organization.ts": {"path":"/codebuild/output/src969830610/src/source/aws-bootstrap-kit/lib/organization.ts","statementMap":{"0":{"start":{"line":17,"column":0},"end":{"line":17,"column":38}},"1":{"start":{"line":18,"column":0},"end":{"line":18,"column":48}},"2":{"start":{"line":19,"column":0},"end":{"line":19,"column":50}},"3":{"start":{"line":37,"column":8},"end":{"line":37,"column":null}},"4":{"start":{"line":39,"column":18},"end":{"line":65,"column":null}},"5":{"start":{"line":71,"column":11},"end":{"line":78,"column":12}},"6":{"start":{"line":80,"column":10},"end":{"line":80,"column":60}},"7":{"start":{"line":82,"column":21},"end":{"line":109,"column":null}},"8":{"start":{"line":113,"column":44},"end":{"line":113,"column":92}},"9":{"start":{"line":114,"column":59},"end":{"line":114,"column":128}},"10":{"start":{"line":116,"column":10},"end":{"line":116,"column":75}},"11":{"start":{"line":117,"column":10},"end":{"line":117,"column":97}},"12":{"start":{"line":121,"column":10},"end":{"line":121,"column":39}},"13":{"start":{"line":123,"column":10},"end":{"line":123,"column":60}},"14":{"start":{"line":127,"column":25},"end":{"line":127,"column":111}},"15":{"start":{"line":129,"column":4},"end":{"line":156,"column":6}},"16":{"start":{"line":24,"column":0},"end":{"line":24,"column":13}}},"fnMap":{"0":{"name":"(anonymous_0)","decl":{"start":{"line":36,"column":4},"end":{"line":36,"column":16}},"loc":{"start":{"line":36,"column":49},"end":{"line":124,"column":5}}},"1":{"name":"(anonymous_1)","decl":{"start":{"line":126,"column":10},"end":{"line":126,"column":32}},"loc":{"start":{"line":126,"column":50},"end":{"line":157,"column":3}}}},"branchMap":{"0":{"loc":{"start":{"line":127,"column":57},"end":{"line":127,"column":84}},"type":"cond-expr","locations":[{"start":{"line":127,"column":57},"end":{"line":127,"column":84}},{"start":{"line":127,"column":85},"end":{"line":127,"column":111}}]}},"s":{"0":2,"1":2,"2":2,"3":6,"4":6,"5":6,"6":6,"7":6,"8":6,"9":6,"10":6,"11":6,"12":6,"13":6,"14":12,"15":12,"16":2},"f":{"0":6,"1":12},"b":{"0":[6,6]}}
,"/codebuild/output/src969830610/src/source/aws-bootstrap-kit/lib/organizational-unit.ts": {"path":"/codebuild/output/src969830610/src/source/aws-bootstrap-kit/lib/organizational-unit.ts","statementMap":{"0":{"start":{"line":17,"column":0},"end":{"line":17,"column":38}},"1":{"start":{"line":18,"column":0},"end":{"line":18,"column":48}},"2":{"start":{"line":30,"column":8},"end":{"line":30,"column":25}},"3":{"start":{"line":33,"column":19},"end":{"line":53,"column":null}},"4":{"start":{"line":56,"column":8},"end":{"line":56,"column":63}},"5":{"start":{"line":25,"column":0},"end":{"line":25,"column":13}}},"fnMap":{"0":{"name":"(anonymous_0)","decl":{"start":{"line":29,"column":4},"end":{"line":29,"column":16}},"loc":{"start":{"line":29,"column":81},"end":{"line":57,"column":5}}}},"branchMap":{},"s":{"0":2,"1":2,"2":12,"3":12,"4":12,"5":2},"f":{"0":12},"b":{}}
,"/codebuild/output/src969830610/src/source/aws-bootstrap-kit/lib/secure-root-user.ts": {"path":"/codebuild/output/src969830610/src/source/aws-bootstrap-kit/lib/secure-root-user.ts","statementMap":{"0":{"start":{"line":17,"column":0},"end":{"line":17,"column":38}},"1":{"start":{"line":18,"column":0},"end":{"line":18,"column":46}},"2":{"start":{"line":19,"column":0},"end":{"line":19,"column":40}},"3":{"start":{"line":20,"column":0},"end":{"line":20,"column":55}},"4":{"start":{"line":21,"column":0},"end":{"line":21,"column":53}},"5":{"start":{"line":22,"column":0},"end":{"line":22,"column":40}},"6":{"start":{"line":27,"column":4},"end":{"line":27,"column":21}},"7":{"start":{"line":30,"column":38},"end":{"line":30,"column":86}},"8":{"start":{"line":31,"column":4},"end":{"line":31,"column":93}},"9":{"start":{"line":35,"column":27},"end":{"line":35,"column":69}},"10":{"start":{"line":37,"column":27},"end":{"line":41,"column":6}},"11":{"start":{"line":44,"column":35},"end":{"line":51,"column":null}},"12":{"start":{"line":55,"column":32},"end":{"line":60,"column":6}},"13":{"start":{"line":62,"column":4},"end":{"line":62,"column":54}},"14":{"start":{"line":63,"column":4},"end":{"line":63,"column":62}},"15":{"start":{"line":65,"column":4},"end":{"line":65,"column":64}},"16":{"start":{"line":69,"column":45},"end":{"line":69,"column":316}},"17":{"start":{"line":70,"column":4},"end":{"line":70,"column":145}},"18":{"start":{"line":72,"column":51},"end":{"line":72,"column":328}},"19":{"start":{"line":73,"column":4},"end":{"line":73,"column":159}},"20":{"start":{"line":78,"column":4},"end":{"line":110,"column":7}},"21":{"start":{"line":25,"column":0},"end":{"line":25,"column":13}}},"fnMap":{"0":{"name":"(anonymous_0)","decl":{"start":{"line":26,"column":2},"end":{"line":26,"column":14}},"loc":{"start":{"line":26,"column":74},"end":{"line":74,"column":3}}},"1":{"name":"(anonymous_1)","decl":{"start":{"line":77,"column":10},"end":{"line":77,"column":47}},"loc":{"start":{"line":77,"column":168},"end":{"line":111,"column":3}}}},"branchMap":{},"s":{"0":3,"1":3,"2":3,"3":3,"4":3,"5":3,"6":7,"7":7,"8":7,"9":7,"10":7,"11":7,"12":7,"13":7,"14":7,"15":7,"16":7,"17":7,"18":7,"19":7,"20":14,"21":3},"f":{"0":7,"1":14},"b":{}}
,"/codebuild/output/src969830610/src/source/aws-bootstrap-kit/lib/validate-email-provider.ts": {"path":"/codebuild/output/src969830610/src/source/aws-bootstrap-kit/lib/validate-email-provider.ts","statementMap":{"0":{"start":{"line":16,"column":0},"end":{"line":16,"column":29}},"1":{"start":{"line":17,"column":0},"end":{"line":17,"column":40}},"2":{"start":{"line":18,"column":0},"end":{"line":18,"column":46}},"3":{"start":{"line":19,"column":0},"end":{"line":19,"column":84}},"4":{"start":{"line":20,"column":0},"end":{"line":20,"column":53}},"5":{"start":{"line":54,"column":4},"end":{"line":54,"column":21}},"6":{"start":{"line":56,"column":17},"end":{"line":57,"column":null}},"7":{"start":{"line":60,"column":27},"end":{"line":65,"column":6}},"8":{"start":{"line":67,"column":4},"end":{"line":72,"column":6}},"9":{"start":{"line":74,"column":30},"end":{"line":79,"column":6}},"10":{"start":{"line":81,"column":4},"end":{"line":86,"column":6}},"11":{"start":{"line":88,"column":4},"end":{"line":92,"column":7}},"12":{"start":{"line":39,"column":18},"end":{"line":39,"column":33}},"13":{"start":{"line":40,"column":16},"end":{"line":40,"column":66}},"14":{"start":{"line":41,"column":4},"end":{"line":44,"column":6}},"15":{"start":{"line":29,"column":0},"end":{"line":29,"column":21}}},"fnMap":{"0":{"name":"(anonymous_0)","decl":{"start":{"line":53,"column":2},"end":{"line":53,"column":14}},"loc":{"start":{"line":53,"column":77},"end":{"line":93,"column":3}}},"1":{"name":"(anonymous_1)","decl":{"start":{"line":38,"column":9},"end":{"line":38,"column":15}},"loc":{"start":{"line":38,"column":79},"end":{"line":45,"column":3}}}},"branchMap":{"0":{"loc":{"start":{"line":78,"column":31},"end":{"line":78,"column":44}},"type":"cond-expr","locations":[{"start":{"line":78,"column":31},"end":{"line":78,"column":44}},{"start":{"line":78,"column":47},"end":{"line":78,"column":67}}]},"1":{"loc":{"start":{"line":42,"column":7},"end":{"line":42,"column":61}},"type":"binary-expr","locations":[{"start":{"line":42,"column":7},"end":{"line":42,"column":61}},{"start":{"line":43,"column":6},"end":{"line":43,"column":50}}]}},"s":{"0":3,"1":3,"2":3,"3":3,"4":3,"5":5,"6":5,"7":5,"8":5,"9":5,"10":5,"11":5,"12":5,"13":5,"14":5,"15":3},"f":{"0":5,"1":5},"b":{"0":[0,5],"1":[5,5]}}
,"/codebuild/output/src969830610/src/source/aws-bootstrap-kit/lib/validate-email.ts": {"path":"/codebuild/output/src969830610/src/source/aws-bootstrap-kit/lib/validate-email.ts","statementMap":{"0":{"start":{"line":17,"column":0},"end":{"line":17,"column":68}},"1":{"start":{"line":18,"column":0},"end":{"line":18,"column":62}},"2":{"start":{"line":43,"column":4},"end":{"line":43,"column":21}},"3":{"start":{"line":45,"column":29},"end":{"line":45,"column":51}},"4":{"start":{"line":47,"column":4},"end":{"line":49,"column":null}},"5":{"start":{"line":48,"column":6},"end":{"line":48,"column":62}},"6":{"start":{"line":51,"column":30},"end":{"line":51,"column":55}},"7":{"start":{"line":53,"column":25},"end":{"line":53,"column":90}},"8":{"start":{"line":55,"column":4},"end":{"line":61,"column":7}},"9":{"start":{"line":34,"column":0},"end":{"line":34,"column":13}}},"fnMap":{"0":{"name":"(anonymous_0)","decl":{"start":{"line":42,"column":2},"end":{"line":42,"column":14}},"loc":{"start":{"line":42,"column":69},"end":{"line":62,"column":3}}}},"branchMap":{"0":{"loc":{"start":{"line":47,"column":4},"end":{"line":49,"column":null}},"type":"if","locations":[{"start":{"line":47,"column":4},"end":{"line":49,"column":null}},{"start":{"line":47,"column":4},"end":{"line":49,"column":null}}]},"1":{"loc":{"start":{"line":47,"column":14},"end":{"line":47,"column":16}},"type":"cond-expr","locations":[{"start":{"line":47,"column":14},"end":{"line":47,"column":16}},{"start":{"line":47,"column":8},"end":{"line":47,"column":29}}]},"2":{"loc":{"start":{"line":47,"column":8},"end":{"line":47,"column":16}},"type":"binary-expr","locations":[{"start":{"line":47,"column":8},"end":{"line":47,"column":16}},{"start":{"line":47,"column":8},"end":{"line":47,"column":16}}]}},"s":{"0":3,"1":3,"2":6,"3":6,"4":6,"5":1,"6":5,"7":5,"8":5,"9":3},"f":{"0":6},"b":{"0":[1,5],"1":[0,6],"2":[6,6]}}
,"/codebuild/output/src969830610/src/source/aws-bootstrap-kit/lib/account-handler/index.ts": {"path":"/codebuild/output/src969830610/src/source/aws-bootstrap-kit/lib/account-handler/index.ts","statementMap":{"0":{"start":{"line":25,"column":0},"end":{"line":25,"column":40}},"1":{"start":{"line":37,"column":2},"end":{"line":37,"column":34}},"2":{"start":{"line":39,"column":2},"end":{"line":63,"column":null}},"3":{"start":{"line":41,"column":37},"end":{"line":41,"column":77}},"4":{"start":{"line":42,"column":6},"end":{"line":58,"column":null}},"5":{"start":{"line":43,"column":53},"end":{"line":43,"column":55}},"6":{"start":{"line":44,"column":8},"end":{"line":46,"column":11}},"7":{"start":{"line":45,"column":10},"end":{"line":45,"column":122}},"8":{"start":{"line":45,"column":46},"end":{"line":45,"column":122}},"9":{"start":{"line":47,"column":21},"end":{"line":53,"column":18}},"10":{"start":{"line":54,"column":8},"end":{"line":54,"column":48}},"11":{"start":{"line":55,"column":8},"end":{"line":55,"column":68}},"12":{"start":{"line":57,"column":8},"end":{"line":57,"column":62}},"13":{"start":{"line":60,"column":6},"end":{"line":60,"column":108}},"14":{"start":{"line":62,"column":6},"end":{"line":62,"column":75}},"15":{"start":{"line":34,"column":0},"end":{"line":34,"column":7}},"16":{"start":{"line":75,"column":2},"end":{"line":75,"column":34}},"17":{"start":{"line":77,"column":2},"end":{"line":79,"column":null}},"18":{"start":{"line":78,"column":4},"end":{"line":78,"column":61}},"19":{"start":{"line":81,"column":33},"end":{"line":81,"column":73}},"20":{"start":{"line":83,"column":95},"end":{"line":83,"column":145}},"21":{"start":{"line":84,"column":67},"end":{"line":85,"column":77}},"22":{"start":{"line":87,"column":2},"end":{"line":87,"column":44}},"23":{"start":{"line":89,"column":30},"end":{"line":89,"column":61}},"24":{"start":{"line":90,"column":20},"end":{"line":90,"column":55}},"25":{"start":{"line":92,"column":2},"end":{"line":114,"column":null}},"26":{"start":{"line":94,"column":6},"end":{"line":94,"column":95}},"27":{"start":{"line":96,"column":6},"end":{"line":109,"column":null}},"28":{"start":{"line":97,"column":8},"end":{"line":97,"column":80}},"29":{"start":{"line":98,"column":53},"end":{"line":98,"column":55}},"30":{"start":{"line":99,"column":8},"end":{"line":101,"column":11}},"31":{"start":{"line":100,"column":10},"end":{"line":100,"column":122}},"32":{"start":{"line":100,"column":46},"end":{"line":100,"column":122}},"33":{"start":{"line":102,"column":38},"end":{"line":107,"column":18}},"34":{"start":{"line":108,"column":8},"end":{"line":108,"column":71}},"35":{"start":{"line":110,"column":8},"end":{"line":110,"column":97}},"36":{"start":{"line":113,"column":6},"end":{"line":113,"column":68}},"37":{"start":{"line":72,"column":0},"end":{"line":72,"column":7}}},"fnMap":{"0":{"name":"onEventHandler","decl":{"start":{"line":34,"column":22},"end":{"line":34,"column":36}},"loc":{"start":{"line":35,"column":12},"end":{"line":65,"column":1}}},"1":{"name":"(anonymous_1)","decl":{"start":{"line":44,"column":55},"end":{"line":44,"column":66}},"loc":{"start":{"line":44,"column":69},"end":{"line":46,"column":9}}},"2":{"name":"isCompleteHandler","decl":{"start":{"line":72,"column":22},"end":{"line":72,"column":39}},"loc":{"start":{"line":73,"column":26},"end":{"line":115,"column":1}}},"3":{"name":"(anonymous_3)","decl":{"start":{"line":99,"column":55},"end":{"line":99,"column":66}},"loc":{"start":{"line":99,"column":69},"end":{"line":101,"column":9}}}},"branchMap":{"0":{"loc":{"start":{"line":40,"column":4},"end":{"line":58,"column":null}},"type":"switch","locations":[{"start":{"line":40,"column":4},"end":{"line":58,"column":null}},{"start":{"line":59,"column":4},"end":{"line":60,"column":108}},{"start":{"line":61,"column":4},"end":{"line":62,"column":75}}]},"1":{"loc":{"start":{"line":45,"column":10},"end":{"line":45,"column":122}},"type":"if","locations":[{"start":{"line":45,"column":10},"end":{"line":45,"column":122}},{"start":{"line":45,"column":10},"end":{"line":45,"column":122}}]},"2":{"loc":{"start":{"line":55,"column":61},"end":{"line":55,"column":63}},"type":"cond-expr","locations":[{"start":{"line":55,"column":61},"end":{"line":55,"column":63}},{"start":{"line":55,"column":61},"end":{"line":55,"column":65}}]},"3":{"loc":{"start":{"line":55,"column":37},"end":{"line":55,"column":63}},"type":"binary-expr","locations":[{"start":{"line":55,"column":37},"end":{"line":55,"column":63}},{"start":{"line":55,"column":61},"end":{"line":55,"column":63}}]},"4":{"loc":{"start":{"line":77,"column":2},"end":{"line":79,"column":null}},"type":"if","locations":[{"start":{"line":77,"column":2},"end":{"line":79,"column":null}},{"start":{"line":77,"column":2},"end":{"line":79,"column":null}}]},"5":{"loc":{"start":{"line":89,"column":54},"end":{"line":89,"column":56}},"type":"cond-expr","locations":[{"start":{"line":89,"column":54},"end":{"line":89,"column":56}},{"start":{"line":89,"column":54},"end":{"line":89,"column":61}}]},"6":{"loc":{"start":{"line":89,"column":30},"end":{"line":89,"column":56}},"type":"binary-expr","locations":[{"start":{"line":89,"column":30},"end":{"line":89,"column":56}},{"start":{"line":89,"column":54},"end":{"line":89,"column":56}}]},"7":{"loc":{"start":{"line":90,"column":44},"end":{"line":90,"column":46}},"type":"cond-expr","locations":[{"start":{"line":90,"column":44},"end":{"line":90,"column":46}},{"start":{"line":90,"column":44},"end":{"line":90,"column":55}}]},"8":{"loc":{"start":{"line":90,"column":20},"end":{"line":90,"column":46}},"type":"binary-expr","locations":[{"start":{"line":90,"column":20},"end":{"line":90,"column":46}},{"start":{"line":90,"column":44},"end":{"line":90,"column":46}}]},"9":{"loc":{"start":{"line":93,"column":4},"end":{"line":94,"column":95}},"type":"switch","locations":[{"start":{"line":93,"column":4},"end":{"line":94,"column":95}},{"start":{"line":95,"column":4},"end":{"line":110,"column":97}},{"start":{"line":111,"column":4},"end":{"line":113,"column":68}}]},"10":{"loc":{"start":{"line":96,"column":6},"end":{"line":109,"column":null}},"type":"if","locations":[{"start":{"line":96,"column":6},"end":{"line":109,"column":null}},{"start":{"line":96,"column":6},"end":{"line":109,"column":null}}]},"11":{"loc":{"start":{"line":100,"column":10},"end":{"line":100,"column":122}},"type":"if","locations":[{"start":{"line":100,"column":10},"end":{"line":100,"column":122}},{"start":{"line":100,"column":10},"end":{"line":100,"column":122}}]}},"s":{"0":1,"1":2,"2":2,"3":1,"4":1,"5":1,"6":1,"7":7,"8":6,"9":1,"10":1,"11":1,"12":0,"13":1,"14":0,"15":1,"16":5,"17":5,"18":1,"19":4,"20":4,"21":4,"22":4,"23":4,"24":4,"25":4,"26":2,"27":1,"28":1,"29":1,"30":1,"31":5,"32":4,"33":1,"34":1,"35":1,"36":1,"37":1},"f":{"0":2,"1":7,"2":5,"3":5},"b":{"0":[1,1,0],"1":[6,1],"2":[0,1],"3":[1,1],"4":[1,4],"5":[1,3],"6":[4,4],"7":[1,3],"8":[4,4],"9":[2,1,1],"10":[1,0],"11":[4,1]}}
,"/codebuild/output/src969830610/src/source/aws-bootstrap-kit/lib/dns/cross-account-dns-delegator.ts": {"path":"/codebuild/output/src969830610/src/source/aws-bootstrap-kit/lib/dns/cross-account-dns-delegator.ts","statementMap":{"0":{"start":{"line":1,"column":0},"end":{"line":1,"column":38}},"1":{"start":{"line":2,"column":0},"end":{"line":2,"column":48}},"2":{"start":{"line":3,"column":0},"end":{"line":3,"column":88}},"3":{"start":{"line":63,"column":8},"end":{"line":63,"column":25}},"4":{"start":{"line":70,"column":12},"end":{"line":70,"column":17}},"5":{"start":{"line":72,"column":27},"end":{"line":74,"column":10}},"6":{"start":{"line":76,"column":8},"end":{"line":76,"column":37}},"7":{"start":{"line":78,"column":47},"end":{"line":78,"column":80}},"8":{"start":{"line":80,"column":33},"end":{"line":80,"column":60}},"9":{"start":{"line":81,"column":8},"end":{"line":88,"column":11}},"10":{"start":{"line":60,"column":0},"end":{"line":60,"column":13}}},"fnMap":{"0":{"name":"(anonymous_0)","decl":{"start":{"line":62,"column":4},"end":{"line":62,"column":16}},"loc":{"start":{"line":62,"column":88},"end":{"line":89,"column":5}}}},"branchMap":{},"s":{"0":3,"1":3,"2":3,"3":1,"4":1,"5":1,"6":1,"7":1,"8":1,"9":1,"10":3},"f":{"0":1},"b":{}}
,"/codebuild/output/src969830610/src/source/aws-bootstrap-kit/lib/dns/cross-account-zone-delegation-record-provider.ts": {"path":"/codebuild/output/src969830610/src/source/aws-bootstrap-kit/lib/dns/cross-account-zone-delegation-record-provider.ts","statementMap":{"0":{"start":{"line":17,"column":0},"end":{"line":17,"column":29}},"1":{"start":{"line":18,"column":0},"end":{"line":18,"column":40}},"2":{"start":{"line":19,"column":0},"end":{"line":19,"column":46}},"3":{"start":{"line":20,"column":0},"end":{"line":20,"column":52}},"4":{"start":{"line":21,"column":0},"end":{"line":21,"column":48}},"5":{"start":{"line":43,"column":8},"end":{"line":43,"column":25}},"6":{"start":{"line":45,"column":21},"end":{"line":45,"column":93}},"7":{"start":{"line":48,"column":8},"end":{"line":54,"column":11}},"8":{"start":{"line":58,"column":8},"end":{"line":63,"column":10}},"9":{"start":{"line":66,"column":8},"end":{"line":71,"column":10}},"10":{"start":{"line":73,"column":8},"end":{"line":75,"column":11}},"11":{"start":{"line":31,"column":0},"end":{"line":31,"column":13}}},"fnMap":{"0":{"name":"(anonymous_0)","decl":{"start":{"line":42,"column":4},"end":{"line":42,"column":16}},"loc":{"start":{"line":42,"column":70},"end":{"line":76,"column":5}}}},"branchMap":{"0":{"loc":{"start":{"line":61,"column":47},"end":{"line":61,"column":62}},"type":"cond-expr","locations":[{"start":{"line":61,"column":47},"end":{"line":61,"column":62}},{"start":{"line":61,"column":65},"end":{"line":61,"column":68}}]}},"s":{"0":3,"1":3,"2":3,"3":3,"4":3,"5":1,"6":1,"7":1,"8":1,"9":1,"10":1,"11":3},"f":{"0":1},"b":{"0":[0,1]}}
,"/codebuild/output/src969830610/src/source/aws-bootstrap-kit/lib/dns/cross-account-zone-delegation-record.ts": {"path":"/codebuild/output/src969830610/src/source/aws-bootstrap-kit/lib/dns/cross-account-zone-delegation-record.ts","statementMap":{"0":{"start":{"line":1,"column":0},"end":{"line":1,"column":38}},"1":{"start":{"line":2,"column":0},"end":{"line":2,"column":105}},"2":{"start":{"line":19,"column":8},"end":{"line":19,"column":25}},"3":{"start":{"line":21,"column":54},"end":{"line":21,"column":59}},"4":{"start":{"line":22,"column":32},"end":{"line":24,"column":18}},"5":{"start":{"line":26,"column":22},"end":{"line":26,"column":41}},"6":{"start":{"line":27,"column":57},"end":{"line":30,"column":null}},"7":{"start":{"line":33,"column":8},"end":{"line":43,"column":10}},"8":{"start":{"line":16,"column":0},"end":{"line":16,"column":13}}},"fnMap":{"0":{"name":"(anonymous_0)","decl":{"start":{"line":18,"column":4},"end":{"line":18,"column":16}},"loc":{"start":{"line":18,"column":96},"end":{"line":45,"column":5}}}},"branchMap":{"0":{"loc":{"start":{"line":23,"column":8},"end":{"line":23,"column":66}},"type":"cond-expr","locations":[{"start":{"line":23,"column":8},"end":{"line":23,"column":66}},{"start":{"line":24,"column":9},"end":{"line":24,"column":18}}]},"1":{"loc":{"start":{"line":22,"column":32},"end":{"line":22,"column":45}},"type":"binary-expr","locations":[{"start":{"line":22,"column":32},"end":{"line":22,"column":45}},{"start":{"line":22,"column":49},"end":{"line":22,"column":67}}]}},"s":{"0":3,"1":3,"2":1,"3":1,"4":1,"5":1,"6":1,"7":1,"8":3},"f":{"0":1},"b":{"0":[0,1],"1":[1,0]}}
,"/codebuild/output/src969830610/src/source/aws-bootstrap-kit/lib/dns/delegation-record-handler/index.ts": {"path":"/codebuild/output/src969830610/src/source/aws-bootstrap-kit/lib/dns/delegation-record-handler/index.ts","statementMap":{"0":{"start":{"line":20,"column":0},"end":{"line":20,"column":31}},"1":{"start":{"line":25,"column":0},"end":{"line":25,"column":66}},"2":{"start":{"line":27,"column":24},"end":{"line":27,"column":36}},"3":{"start":{"line":39,"column":42},"end":{"line":41,"column":6}},"4":{"start":{"line":43,"column":16},"end":{"line":43,"column":29}},"5":{"start":{"line":45,"column":4},"end":{"line":56,"column":12}},"6":{"start":{"line":51,"column":36},"end":{"line":56,"column":10}},"7":{"start":{"line":58,"column":4},"end":{"line":58,"column":35}},"8":{"start":{"line":61,"column":0},"end":{"line":61,"column":null}},"9":{"start":{"line":62,"column":4},"end":{"line":62,"column":null}},"10":{"start":{"line":63,"column":4},"end":{"line":63,"column":null}},"11":{"start":{"line":86,"column":8},"end":{"line":86,"column":14}},"12":{"start":{"line":88,"column":45},"end":{"line":91,"column":null}},"13":{"start":{"line":90,"column":12},"end":{"line":90,"column":41}},"14":{"start":{"line":94,"column":4},"end":{"line":116,"column":null}},"15":{"start":{"line":95,"column":25},"end":{"line":112,"column":22}},"16":{"start":{"line":113,"column":8},"end":{"line":113,"column":59}},"17":{"start":{"line":115,"column":8},"end":{"line":115,"column":16}},"18":{"start":{"line":129,"column":4},"end":{"line":129,"column":36}},"19":{"start":{"line":138,"column":8},"end":{"line":138,"column":32}},"20":{"start":{"line":142,"column":8},"end":{"line":144,"column":64}},"21":{"start":{"line":146,"column":28},"end":{"line":146,"column":65}},"22":{"start":{"line":147,"column":20},"end":{"line":149,"column":null}},"23":{"start":{"line":152,"column":32},"end":{"line":152,"column":122}},"24":{"start":{"line":154,"column":4},"end":{"line":154,"column":39}},"25":{"start":{"line":155,"column":4},"end":{"line":155,"column":62}},"26":{"start":{"line":156,"column":4},"end":{"line":156,"column":67}},"27":{"start":{"line":157,"column":4},"end":{"line":157,"column":45}},"28":{"start":{"line":159,"column":34},"end":{"line":164,"column":6}},"29":{"start":{"line":166,"column":4},"end":{"line":189,"column":null}},"30":{"start":{"line":168,"column":12},"end":{"line":171,"column":15}},"31":{"start":{"line":172,"column":12},"end":{"line":172,"column":18}},"32":{"start":{"line":174,"column":12},"end":{"line":177,"column":15}},"33":{"start":{"line":178,"column":12},"end":{"line":181,"column":15}},"34":{"start":{"line":182,"column":12},"end":{"line":182,"column":18}},"35":{"start":{"line":185,"column":12},"end":{"line":188,"column":15}},"36":{"start":{"line":191,"column":29},"end":{"line":191,"column":118}},"37":{"start":{"line":193,"column":4},"end":{"line":195,"column":6}},"38":{"start":{"line":128,"column":0},"end":{"line":128,"column":7}},"39":{"start":{"line":204,"column":39},"end":{"line":206,"column":16}},"40":{"start":{"line":207,"column":4},"end":{"line":207,"column":56}},"41":{"start":{"line":216,"column":4},"end":{"line":238,"column":null}},"42":{"start":{"line":217,"column":26},"end":{"line":217,"column":72}},"43":{"start":{"line":218,"column":36},"end":{"line":218,"column":76}},"44":{"start":{"line":221,"column":8},"end":{"line":232,"column":null}},"45":{"start":{"line":226,"column":12},"end":{"line":231,"column":null}},"46":{"start":{"line":227,"column":16},"end":{"line":227,"column":45}},"47":{"start":{"line":228,"column":19},"end":{"line":231,"column":null}},"48":{"start":{"line":230,"column":14},"end":{"line":230,"column":89}},"49":{"start":{"line":233,"column":24},"end":{"line":233,"column":84}},"50":{"start":{"line":234,"column":8},"end":{"line":234,"column":23}},"51":{"start":{"line":236,"column":8},"end":{"line":236,"column":66}},"52":{"start":{"line":237,"column":8},"end":{"line":237,"column":20}}},"fnMap":{"0":{"name":"assumeRoleAndGetRoute53Client","decl":{"start":{"line":34,"column":15},"end":{"line":34,"column":44}},"loc":{"start":{"line":36,"column":27},"end":{"line":59,"column":1}}},"1":{"name":"(anonymous_1)","decl":{"start":{"line":51,"column":14},"end":{"line":51,"column":15}},"loc":{"start":{"line":51,"column":36},"end":{"line":56,"column":10}}},"2":{"name":"(anonymous_2)","decl":{"start":{"line":61,"column":0},"end":{"line":61,"column":5}},"loc":{"start":{"line":61,"column":24},"end":{"line":64,"column":1}}},"3":{"name":"changeRecord","decl":{"start":{"line":79,"column":15},"end":{"line":79,"column":27}},"loc":{"start":{"line":79,"column":54},"end":{"line":117,"column":1}}},"4":{"name":"(anonymous_4)","decl":{"start":{"line":89,"column":8},"end":{"line":89,"column":9}},"loc":{"start":{"line":89,"column":31},"end":{"line":91,"column":9}}},"5":{"name":"onEventHandler","decl":{"start":{"line":128,"column":22},"end":{"line":128,"column":36}},"loc":{"start":{"line":128,"column":47},"end":{"line":196,"column":1}}},"6":{"name":"resolveParentHostedZoneId","decl":{"start":{"line":203,"column":15},"end":{"line":203,"column":40}},"loc":{"start":{"line":203,"column":83},"end":{"line":208,"column":1}}},"7":{"name":"resolveRoleArn","decl":{"start":{"line":215,"column":15},"end":{"line":215,"column":29}},"loc":{"start":{"line":215,"column":74},"end":{"line":239,"column":1}}}},"branchMap":{"0":{"loc":{"start":{"line":61,"column":5},"end":{"line":61,"column":24}},"type":"binary-expr","locations":[{"start":{"line":61,"column":5},"end":{"line":61,"column":24}},{"start":{"line":61,"column":5},"end":{"line":61,"column":null}}]},"1":{"loc":{"start":{"line":143,"column":14},"end":{"line":143,"column":72}},"type":"cond-expr","locations":[{"start":{"line":143,"column":14},"end":{"line":143,"column":72}},{"start":{"line":144,"column":14},"end":{"line":144,"column":64}}]},"2":{"loc":{"start":{"line":142,"column":8},"end":{"line":142,"column":21}},"type":"binary-expr","locations":[{"start":{"line":142,"column":8},"end":{"line":142,"column":21}},{"start":{"line":142,"column":25},"end":{"line":142,"column":43}}]},"3":{"loc":{"start":{"line":152,"column":51},"end":{"line":152,"column":69}},"type":"cond-expr","locations":[{"start":{"line":152,"column":51},"end":{"line":152,"column":69}},{"start":{"line":152,"column":70},"end":{"line":152,"column":122}}]},"4":{"loc":{"start":{"line":167,"column":8},"end":{"line":172,"column":18}},"type":"switch","locations":[{"start":{"line":167,"column":8},"end":{"line":172,"column":18}},{"start":{"line":173,"column":8},"end":{"line":182,"column":18}},{"start":{"line":183,"column":8},"end":{"line":188,"column":15}}]},"5":{"loc":{"start":{"line":191,"column":67},"end":{"line":191,"column":80}},"type":"cond-expr","locations":[{"start":{"line":191,"column":67},"end":{"line":191,"column":80}},{"start":{"line":191,"column":81},"end":{"line":191,"column":102}}]},"6":{"loc":{"start":{"line":222,"column":14},"end":{"line":222,"column":42}},"type":"cond-expr","locations":[{"start":{"line":222,"column":14},"end":{"line":222,"column":42}},{"start":{"line":223,"column":14},"end":{"line":223,"column":16}}]},"7":{"loc":{"start":{"line":226,"column":12},"end":{"line":231,"column":null}},"type":"if","locations":[{"start":{"line":226,"column":12},"end":{"line":231,"column":null}},{"start":{"line":226,"column":12},"end":{"line":231,"column":null}}]},"8":{"loc":{"start":{"line":228,"column":19},"end":{"line":231,"column":null}},"type":"if","locations":[{"start":{"line":228,"column":19},"end":{"line":231,"column":null}},{"start":{"line":228,"column":19},"end":{"line":231,"column":null}}]}},"s":{"0":1,"1":1,"2":1,"3":2,"4":2,"5":2,"6":2,"7":2,"8":1,"9":1,"10":1,"11":2,"12":2,"13":4,"14":2,"15":2,"16":2,"17":0,"18":2,"19":2,"20":2,"21":2,"22":2,"23":2,"24":2,"25":2,"26":2,"27":2,"28":2,"29":2,"30":2,"31":2,"32":0,"33":0,"34":0,"35":0,"36":2,"37":2,"38":1,"39":1,"40":1,"41":1,"42":1,"43":1,"44":1,"45":2,"46":1,"47":1,"48":1,"49":1,"50":1,"51":0,"52":0},"f":{"0":2,"1":2,"2":1,"3":2,"4":4,"5":2,"6":1,"7":1},"b":{"0":[1,1],"1":[1,1],"2":[2,1],"3":[1,1],"4":[2,0,0],"5":[1,1],"6":[1,0],"7":[1,1],"8":[1,0]}}
,"/codebuild/output/src969830610/src/source/aws-bootstrap-kit/lib/dns/delegation-record-handler/utils.ts": {"path":"/codebuild/output/src969830610/src/source/aws-bootstrap-kit/lib/dns/delegation-record-handler/utils.ts","statementMap":{"0":{"start":{"line":1,"column":31},"end":{"line":1,"column":44}},"1":{"start":{"line":2,"column":51},"end":{"line":4,"column":1}},"2":{"start":{"line":3,"column":2},"end":{"line":3,"column":71}},"3":{"start":{"line":2,"column":13},"end":{"line":2,"column":51}},"4":{"start":{"line":6,"column":34},"end":{"line":14,"column":1}},"5":{"start":{"line":7,"column":2},"end":{"line":9,"column":null}},"6":{"start":{"line":8,"column":4},"end":{"line":8,"column":67}},"7":{"start":{"line":10,"column":23},"end":{"line":10,"column":73}},"8":{"start":{"line":11,"column":2},"end":{"line":11,"column":32}},"9":{"start":{"line":12,"column":2},"end":{"line":12,"column":36}},"10":{"start":{"line":13,"column":2},"end":{"line":13,"column":16}},"11":{"start":{"line":6,"column":13},"end":{"line":6,"column":34}},"12":{"start":{"line":18,"column":57},"end":{"line":24,"column":1}},"13":{"start":{"line":20,"column":2},"end":{"line":23,"column":16}},"14":{"start":{"line":18,"column":13},"end":{"line":18,"column":57}}},"fnMap":{"0":{"name":"(anonymous_0)","decl":{"start":{"line":2,"column":51},"end":{"line":2,"column":52}},"loc":{"start":{"line":2,"column":75},"end":{"line":4,"column":1}}},"1":{"name":"(anonymous_1)","decl":{"start":{"line":6,"column":34},"end":{"line":6,"column":35}},"loc":{"start":{"line":6,"column":108},"end":{"line":14,"column":1}}},"2":{"name":"(anonymous_2)","decl":{"start":{"line":18,"column":57},"end":{"line":18,"column":58}},"loc":{"start":{"line":18,"column":87},"end":{"line":24,"column":1}}}},"branchMap":{"0":{"loc":{"start":{"line":7,"column":2},"end":{"line":9,"column":null}},"type":"if","locations":[{"start":{"line":7,"column":2},"end":{"line":9,"column":null}},{"start":{"line":7,"column":2},"end":{"line":9,"column":null}}]},"1":{"loc":{"start":{"line":10,"column":42},"end":{"line":10,"column":58}},"type":"cond-expr","locations":[{"start":{"line":10,"column":42},"end":{"line":10,"column":58}},{"start":{"line":10,"column":61},"end":{"line":10,"column":73}}]}},"s":{"0":3,"1":3,"2":4,"3":3,"4":3,"5":3,"6":0,"7":3,"8":3,"9":3,"10":3,"11":3,"12":3,"13":1,"14":3},"f":{"0":4,"1":3,"2":1},"b":{"0":[0,3],"1":[1,2]}}
,"/codebuild/output/src969830610/src/source/aws-bootstrap-kit/lib/validate-email-handler/index.ts": {"path":"/codebuild/output/src969830610/src/source/aws-bootstrap-kit/lib/validate-email-handler/index.ts","statementMap":{"0":{"start":{"line":17,"column":0},"end":{"line":17,"column":38}},"1":{"start":{"line":24,"column":0},"end":{"line":24,"column":39}},"2":{"start":{"line":34,"column":2},"end":{"line":34,"column":34}},"3":{"start":{"line":36,"column":2},"end":{"line":43,"column":null}},"4":{"start":{"line":37,"column":16},"end":{"line":37,"column":25}},"5":{"start":{"line":38,"column":4},"end":{"line":40,"column":17}},"6":{"start":{"line":42,"column":4},"end":{"line":42,"column":51}},"7":{"start":{"line":45,"column":2},"end":{"line":47,"column":null}},"8":{"start":{"line":46,"column":4},"end":{"line":46,"column":60}},"9":{"start":{"line":31,"column":0},"end":{"line":31,"column":7}},"10":{"start":{"line":58,"column":2},"end":{"line":58,"column":34}},"11":{"start":{"line":60,"column":2},"end":{"line":62,"column":null}},"12":{"start":{"line":61,"column":4},"end":{"line":61,"column":61}},"13":{"start":{"line":64,"column":16},"end":{"line":64,"column":46}},"14":{"start":{"line":65,"column":2},"end":{"line":77,"column":null}},"15":{"start":{"line":66,"column":16},"end":{"line":66,"column":25}},"16":{"start":{"line":67,"column":21},"end":{"line":71,"column":16}},"17":{"start":{"line":73,"column":4},"end":{"line":76,"column":6}},"18":{"start":{"line":78,"column":2},"end":{"line":80,"column":null}},"19":{"start":{"line":79,"column":4},"end":{"line":79,"column":32}},"20":{"start":{"line":55,"column":0},"end":{"line":55,"column":7}}},"fnMap":{"0":{"name":"onEventHandler","decl":{"start":{"line":31,"column":22},"end":{"line":31,"column":36}},"loc":{"start":{"line":32,"column":12},"end":{"line":48,"column":1}}},"1":{"name":"isCompleteHandler","decl":{"start":{"line":55,"column":22},"end":{"line":55,"column":39}},"loc":{"start":{"line":56,"column":26},"end":{"line":81,"column":1}}}},"branchMap":{"0":{"loc":{"start":{"line":36,"column":2},"end":{"line":43,"column":null}},"type":"if","locations":[{"start":{"line":36,"column":2},"end":{"line":43,"column":null}},{"start":{"line":36,"column":2},"end":{"line":43,"column":null}}]},"1":{"loc":{"start":{"line":45,"column":2},"end":{"line":47,"column":null}},"type":"if","locations":[{"start":{"line":45,"column":2},"end":{"line":47,"column":null}},{"start":{"line":45,"column":2},"end":{"line":47,"column":null}}]},"2":{"loc":{"start":{"line":60,"column":2},"end":{"line":62,"column":null}},"type":"if","locations":[{"start":{"line":60,"column":2},"end":{"line":62,"column":null}},{"start":{"line":60,"column":2},"end":{"line":62,"column":null}}]},"3":{"loc":{"start":{"line":65,"column":2},"end":{"line":77,"column":null}},"type":"if","locations":[{"start":{"line":65,"column":2},"end":{"line":77,"column":null}},{"start":{"line":65,"column":2},"end":{"line":77,"column":null}}]},"4":{"loc":{"start":{"line":75,"column":46},"end":{"line":75,"column":48}},"type":"cond-expr","locations":[{"start":{"line":75,"column":46},"end":{"line":75,"column":48}},{"start":{"line":75,"column":46},"end":{"line":75,"column":66}}]},"5":{"loc":{"start":{"line":75,"column":8},"end":{"line":75,"column":48}},"type":"binary-expr","locations":[{"start":{"line":75,"column":8},"end":{"line":75,"column":48}},{"start":{"line":75,"column":46},"end":{"line":75,"column":48}}]},"6":{"loc":{"start":{"line":78,"column":2},"end":{"line":80,"column":null}},"type":"if","locations":[{"start":{"line":78,"column":2},"end":{"line":80,"column":null}},{"start":{"line":78,"column":2},"end":{"line":80,"column":null}}]}},"s":{"0":1,"1":1,"2":4,"3":4,"4":2,"5":2,"6":2,"7":2,"8":1,"9":1,"10":4,"11":4,"12":1,"13":3,"14":3,"15":2,"16":2,"17":2,"18":1,"19":1,"20":1},"f":{"0":4,"1":4},"b":{"0":[2,2],"1":[1,1],"2":[1,3],"3":[2,1],"4":[2,0],"5":[2,2],"6":[1,0]}}
}
