TN:
SF:lib/account-provider.ts
FN:52,(anonymous_0)
FN:31,(anonymous_1)
FNF:2
FNH:2
FNDA:7,(anonymous_0)
FNDA:19,(anonymous_1)
DA:17,3
DA:18,3
DA:19,3
DA:20,3
DA:21,3
DA:27,3
DA:32,19
DA:33,19
DA:34,19
DA:53,7
DA:55,7
DA:58,7
DA:65,7
DA:76,7
DA:83,7
DA:94,7
LF:16
LH:16
BRDA:34,0,0,19
BRDA:34,0,1,7
BRF:2
BRH:2
end_of_record
TN:
SF:lib/account.ts
FN:65,(anonymous_0)
FN:87,(anonymous_1)
FN:194,(anonymous_2)
FNF:3
FNH:3
FNDA:3,(anonymous_0)
FNDA:19,(anonymous_1)
FNDA:19,(anonymous_2)
DA:17,3
DA:18,3
DA:19,3
DA:20,3
DA:65,3
DA:66,3
DA:67,3
DA:68,3
DA:69,3
DA:75,3
DA:88,19
DA:90,19
DA:92,19
DA:109,19
DA:111,19
DA:112,19
DA:113,19
DA:114,19
DA:116,19
DA:122,19
DA:123,19
DA:162,19
DA:184,19
DA:185,0
DA:188,19
DA:195,19
LF:26
LH:25
BRDA:65,0,0,3
BRDA:65,0,1,3
BRDA:103,1,0,17
BRDA:103,1,1,2
BRDA:103,2,0,19
BRDA:103,2,1,19
BRDA:104,3,0,3
BRDA:104,3,1,16
BRDA:122,4,0,19
BRDA:122,4,1,0
BRDA:184,5,0,0
BRDA:184,5,1,19
BRF:12
BRH:10
end_of_record
TN:
SF:lib/aws-config-recorder.ts
FN:26,(anonymous_0)
FNF:1
FNH:1
FNDA:7,(anonymous_0)
DA:17,3
DA:18,3
DA:19,3
DA:20,3
DA:24,3
DA:27,7
DA:30,7
DA:32,7
DA:47,7
DA:57,7
DA:71,7
DA:78,7
DA:83,7
LF:13
LH:13
BRF:0
BRH:0
end_of_record
TN:
SF:lib/aws-organizations-stack.ts
FN:169,(anonymous_0)
FN:192,(anonymous_1)
FN:120,(anonymous_2)
FN:128,(anonymous_3)
FN:162,(anonymous_4)
FNF:5
FNH:4
FNDA:6,(anonymous_0)
FNDA:12,(anonymous_1)
FNDA:12,(anonymous_2)
FNDA:18,(anonymous_3)
FNDA:0,(anonymous_4)
DA:17,2
DA:18,2
DA:19,2
DA:20,2
DA:21,2
DA:22,2
DA:23,2
DA:24,2
DA:25,2
DA:114,2
DA:118,6
DA:122,12
DA:124,12
DA:126,12
DA:128,12
DA:130,18
DA:132,0
DA:134,18
DA:136,18
DA:140,0
DA:143,18
DA:153,18
DA:154,18
DA:157,18
DA:158,18
DA:162,12
DA:163,0
DA:166,12
DA:170,6
DA:171,6
DA:173,6
DA:175,6
DA:176,6
DA:178,6
DA:179,6
DA:181,6
DA:182,5
DA:183,5
DA:187,6
DA:188,6
DA:190,6
DA:192,6
DA:193,12
DA:199,6
DA:200,1
DA:207,6
LF:46
LH:43
BRDA:171,0,0,4
BRDA:173,1,0,6
BRDA:173,1,1,0
BRDA:176,2,0,6
BRDA:176,2,1,0
BRDA:181,3,0,5
BRDA:181,3,1,1
BRDA:199,4,0,1
BRDA:199,4,1,5
BRDA:203,5,0,0
BRDA:203,5,1,1
BRDA:130,6,0,0
BRDA:130,6,1,18
BRDA:134,7,0,18
BRDA:134,7,1,0
BRDA:134,8,0,18
BRDA:134,8,1,18
BRDA:157,9,0,18
BRDA:157,9,1,0
BRDA:162,10,0,12
BRDA:162,10,1,0
BRDA:162,11,0,12
BRDA:162,11,1,12
BRF:23
BRH:16
end_of_record
TN:
SF:lib/dns.ts
FN:33,(anonymous_0)
FN:71,(anonymous_1)
FN:81,(anonymous_2)
FN:111,(anonymous_3)
FNF:4
FNH:4
FNDA:1,(anonymous_0)
FNDA:3,(anonymous_1)
FNDA:3,(anonymous_2)
FNDA:1,(anonymous_3)
DA:1,2
DA:2,2
DA:3,2
DA:4,2
DA:6,2
DA:30,2
DA:34,1
DA:35,1
DA:37,1
DA:38,3
DA:39,3
DA:43,3
DA:44,3
DA:45,3
DA:58,1
DA:62,1
DA:66,0
DA:75,3
DA:76,3
DA:85,3
DA:90,3
DA:100,3
DA:108,3
DA:112,1
LF:24
LH:23
BRDA:44,0,0,3
BRDA:44,0,1,0
BRDA:50,1,0,3
BRDA:50,1,1,0
BRDA:58,2,0,1
BRDA:58,2,1,0
BRDA:59,3,0,1
BRDA:59,3,1,1
BRF:8
BRH:5
end_of_record
TN:
SF:lib/index.ts
FNF:0
FNH:0
DA:1,2
DA:2,2
DA:3,2
DA:4,2
DA:5,2
DA:6,2
LF:6
LH:6
BRF:0
BRH:0
end_of_record
TN:
SF:lib/organization-trail.ts
FN:42,(anonymous_0)
FNF:1
FNH:1
FNDA:7,(anonymous_0)
DA:17,3
DA:18,3
DA:19,3
DA:20,3
DA:40,3
DA:43,7
DA:45,7
DA:47,7
DA:54,7
DA:67,7
DA:80,7
DA:111,7
DA:143,7
DA:145,7
DA:147,7
DA:150,7
DA:166,7
LF:17
LH:17
BRDA:145,0,0,7
BRDA:145,0,1,0
BRF:2
BRH:1
end_of_record
TN:
SF:lib/organization.ts
FN:36,(anonymous_0)
FN:126,(anonymous_1)
FNF:2
FNH:2
FNDA:6,(anonymous_0)
FNDA:12,(anonymous_1)
DA:17,2
DA:18,2
DA:19,2
DA:24,2
DA:37,6
DA:39,6
DA:71,6
DA:80,6
DA:82,6
DA:113,6
DA:114,6
DA:116,6
DA:117,6
DA:121,6
DA:123,6
DA:127,12
DA:129,12
LF:17
LH:17
BRDA:127,0,0,6
BRDA:127,0,1,6
BRF:2
BRH:2
end_of_record
TN:
SF:lib/organizational-unit.ts
FN:29,(anonymous_0)
FNF:1
FNH:1
FNDA:12,(anonymous_0)
DA:17,2
DA:18,2
DA:25,2
DA:30,12
DA:33,12
DA:56,12
LF:6
LH:6
BRF:0
BRH:0
end_of_record
TN:
SF:lib/secure-root-user.ts
FN:26,(anonymous_0)
FN:77,(anonymous_1)
FNF:2
FNH:2
FNDA:7,(anonymous_0)
FNDA:14,(anonymous_1)
DA:17,3
DA:18,3
DA:19,3
DA:20,3
DA:21,3
DA:22,3
DA:25,3
DA:27,7
DA:30,7
DA:31,7
DA:35,7
DA:37,7
DA:44,7
DA:55,7
DA:62,7
DA:63,7
DA:65,7
DA:69,7
DA:70,7
DA:72,7
DA:73,7
DA:78,14
LF:22
LH:22
BRF:0
BRH:0
end_of_record
TN:
SF:lib/validate-email-provider.ts
FN:53,(anonymous_0)
FN:38,(anonymous_1)
FNF:2
FNH:2
FNDA:5,(anonymous_0)
FNDA:5,(anonymous_1)
DA:16,3
DA:17,3
DA:18,3
DA:19,3
DA:20,3
DA:29,3
DA:39,5
DA:40,5
DA:41,5
DA:54,5
DA:56,5
DA:60,5
DA:67,5
DA:74,5
DA:81,5
DA:88,5
LF:16
LH:16
BRDA:78,0,0,0
BRDA:78,0,1,5
BRDA:42,1,0,5
BRDA:42,1,1,5
BRF:4
BRH:3
end_of_record
TN:
SF:lib/validate-email.ts
FN:42,(anonymous_0)
FNF:1
FNH:1
FNDA:6,(anonymous_0)
DA:17,3
DA:18,3
DA:34,3
DA:43,6
DA:45,6
DA:47,6
DA:48,1
DA:51,5
DA:53,5
DA:55,5
LF:10
LH:10
BRDA:47,0,0,1
BRDA:47,0,1,5
BRDA:47,1,0,0
BRDA:47,1,1,6
BRDA:47,2,0,6
BRDA:47,2,1,6
BRF:6
BRH:5
end_of_record
TN:
SF:lib/account-handler/index.ts
FN:34,onEventHandler
FN:44,(anonymous_1)
FN:72,isCompleteHandler
FN:99,(anonymous_3)
FNF:4
FNH:4
FNDA:2,onEventHandler
FNDA:7,(anonymous_1)
FNDA:5,isCompleteHandler
FNDA:5,(anonymous_3)
DA:25,1
DA:34,1
DA:37,2
DA:39,2
DA:41,1
DA:42,1
DA:43,1
DA:44,1
DA:45,7
DA:47,1
DA:54,1
DA:55,1
DA:57,0
DA:60,1
DA:62,0
DA:72,1
DA:75,5
DA:77,5
DA:78,1
DA:81,4
DA:83,4
DA:84,4
DA:87,4
DA:89,4
DA:90,4
DA:92,4
DA:94,2
DA:96,1
DA:97,1
DA:98,1
DA:99,1
DA:100,5
DA:102,1
DA:108,1
DA:110,1
DA:113,1
LF:36
LH:34
BRDA:40,0,0,1
BRDA:40,0,1,1
BRDA:40,0,2,0
BRDA:45,1,0,6
BRDA:45,1,1,1
BRDA:55,2,0,0
BRDA:55,2,1,1
BRDA:55,3,0,1
BRDA:55,3,1,1
BRDA:77,4,0,1
BRDA:77,4,1,4
BRDA:89,5,0,1
BRDA:89,5,1,3
BRDA:89,6,0,4
BRDA:89,6,1,4
BRDA:90,7,0,1
BRDA:90,7,1,3
BRDA:90,8,0,4
BRDA:90,8,1,4
BRDA:93,9,0,2
BRDA:93,9,1,1
BRDA:93,9,2,1
BRDA:96,10,0,1
BRDA:96,10,1,0
BRDA:100,11,0,4
BRDA:100,11,1,1
BRF:26
BRH:23
end_of_record
TN:
SF:lib/dns/cross-account-dns-delegator.ts
FN:62,(anonymous_0)
FNF:1
FNH:1
FNDA:1,(anonymous_0)
DA:1,3
DA:2,3
DA:3,3
DA:60,3
DA:63,1
DA:70,1
DA:72,1
DA:76,1
DA:78,1
DA:80,1
DA:81,1
LF:11
LH:11
BRF:0
BRH:0
end_of_record
TN:
SF:lib/dns/cross-account-zone-delegation-record-provider.ts
FN:42,(anonymous_0)
FNF:1
FNH:1
FNDA:1,(anonymous_0)
DA:17,3
DA:18,3
DA:19,3
DA:20,3
DA:21,3
DA:31,3
DA:43,1
DA:45,1
DA:48,1
DA:58,1
DA:66,1
DA:73,1
LF:12
LH:12
BRDA:61,0,0,0
BRDA:61,0,1,1
BRF:2
BRH:1
end_of_record
TN:
SF:lib/dns/cross-account-zone-delegation-record.ts
FN:18,(anonymous_0)
FNF:1
FNH:1
FNDA:1,(anonymous_0)
DA:1,3
DA:2,3
DA:16,3
DA:19,1
DA:21,1
DA:22,1
DA:26,1
DA:27,1
DA:33,1
LF:9
LH:9
BRDA:23,0,0,0
BRDA:23,0,1,1
BRDA:22,1,0,1
BRDA:22,1,1,0
BRF:4
BRH:2
end_of_record
TN:
SF:lib/dns/delegation-record-handler/index.ts
FN:34,assumeRoleAndGetRoute53Client
FN:51,(anonymous_1)
FN:61,(anonymous_2)
FN:79,changeRecord
FN:89,(anonymous_4)
FN:128,onEventHandler
FN:203,resolveParentHostedZoneId
FN:215,resolveRoleArn
FNF:8
FNH:8
FNDA:2,assumeRoleAndGetRoute53Client
FNDA:2,(anonymous_1)
FNDA:1,(anonymous_2)
FNDA:2,changeRecord
FNDA:4,(anonymous_4)
FNDA:2,onEventHandler
FNDA:1,resolveParentHostedZoneId
FNDA:1,resolveRoleArn
DA:20,1
DA:25,1
DA:27,1
DA:39,2
DA:43,2
DA:45,2
DA:51,2
DA:58,2
DA:61,1
DA:62,1
DA:63,1
DA:86,2
DA:88,2
DA:90,4
DA:94,2
DA:95,2
DA:113,2
DA:115,0
DA:128,1
DA:129,2
DA:138,2
DA:142,2
DA:146,2
DA:147,2
DA:152,2
DA:154,2
DA:155,2
DA:156,2
DA:157,2
DA:159,2
DA:166,2
DA:168,2
DA:172,2
DA:174,0
DA:178,0
DA:182,0
DA:185,0
DA:191,2
DA:193,2
DA:204,1
DA:207,1
DA:216,1
DA:217,1
DA:218,1
DA:221,1
DA:226,2
DA:227,1
DA:228,1
DA:230,1
DA:233,1
DA:234,1
DA:236,0
DA:237,0
LF:53
LH:46
BRDA:61,0,0,1
BRDA:61,0,1,1
BRDA:143,1,0,1
BRDA:143,1,1,1
BRDA:142,2,0,2
BRDA:142,2,1,1
BRDA:152,3,0,1
BRDA:152,3,1,1
BRDA:167,4,0,2
BRDA:167,4,1,0
BRDA:167,4,2,0
BRDA:191,5,0,1
BRDA:191,5,1,1
BRDA:222,6,0,1
BRDA:222,6,1,0
BRDA:226,7,0,1
BRDA:226,7,1,1
BRDA:228,8,0,1
BRDA:228,8,1,0
BRF:19
BRH:15
end_of_record
TN:
SF:lib/dns/delegation-record-handler/utils.ts
FN:2,(anonymous_0)
FN:6,(anonymous_1)
FN:18,(anonymous_2)
FNF:3
FNH:3
FNDA:4,(anonymous_0)
FNDA:3,(anonymous_1)
FNDA:1,(anonymous_2)
DA:1,3
DA:2,3
DA:3,4
DA:6,3
DA:7,3
DA:8,0
DA:10,3
DA:11,3
DA:12,3
DA:13,3
DA:18,3
DA:20,1
LF:12
LH:11
BRDA:7,0,0,0
BRDA:7,0,1,3
BRDA:10,1,0,1
BRDA:10,1,1,2
BRF:4
BRH:3
end_of_record
TN:
SF:lib/validate-email-handler/index.ts
FN:31,onEventHandler
FN:55,isCompleteHandler
FNF:2
FNH:2
FNDA:4,onEventHandler
FNDA:4,isCompleteHandler
DA:17,1
DA:24,1
DA:31,1
DA:34,4
DA:36,4
DA:37,2
DA:38,2
DA:42,2
DA:45,2
DA:46,1
DA:55,1
DA:58,4
DA:60,4
DA:61,1
DA:64,3
DA:65,3
DA:66,2
DA:67,2
DA:73,2
DA:78,1
DA:79,1
LF:21
LH:21
BRDA:36,0,0,2
BRDA:36,0,1,2
BRDA:45,1,0,1
BRDA:45,1,1,1
BRDA:60,2,0,1
BRDA:60,2,1,3
BRDA:65,3,0,2
BRDA:65,3,1,1
BRDA:75,4,0,2
BRDA:75,4,1,0
BRDA:75,5,0,2
BRDA:75,5,1,2
BRDA:78,6,0,1
BRDA:78,6,1,0
BRF:14
BRH:12
end_of_record
